<?xml version="1.0" encoding="UTF-8"?>
<!-- Generated by org.testng.reporters.JUnitReportReporter -->
<testsuite hostname="DESKTOP-9T8JEKN" failures="0" tests="1" name="testweather.apiTest" time="3.251" errors="0" timestamp="2020-12-10T21:30:34 IST" skipped="0">
  <testcase classname="testweather.apiTest" name="getWeatherDetails" time="3.251"/>
  <system-out/>
</testsuite> <!-- testweather.apiTest -->
